antlr:antlr 2.7.7 provided ok
com.fasterxml:classmate 1.3.4 provided ok
com.h2database:h2 1.4.200 test ok
com.sun.istack:istack-commons-runtime 3.0.7 provided ok
com.sun.xml.fastinfoset:FastInfoset 1.2.15 provided ok
jakarta.activation:jakarta.activation-api 1.2.2 test ok
jakarta.persistence:jakarta.persistence-api 2.2.3 provided ok
jakarta.xml.bind:jakarta.xml.bind-api 2.3.3 test ok
junit:junit 4.13 test ok
net.bytebuddy:byte-buddy 1.9.11 provided ok
org.dom4j:dom4j 2.1.3 provided ok
org.glassfish.jaxb:jaxb-runtime 2.3.1 provided ok
org.glassfish.jaxb:txw2 2.3.1 provided ok
org.hamcrest:hamcrest-core 1.3 test ok
org.hibernate.common:hibernate-commons-annotations 5.0.4.Final provided ok
org.hibernate:hibernate-core 5.3.17.Final provided ok
org.javassist:javassist 3.23.2-GA provided ok
org.jboss.logging:jboss-logging 3.3.2.Final provided ok
org.jboss.spec.javax.transaction:jboss-transaction-api_1.2_spec 1.1.1.Final provided ok
org.jboss:jandex 2.0.5.Final provided ok
org.jvnet.staxex:stax-ex 1.8 provided ok
